Added Component: Designator=9v(MHDR1X2)
Add component (AddParameter): Name = "CPAR"; Value = ""; VariantName = "[No Variations]"
Add component (AddParameter): Name = "DC Magnitude"; Value = "9"; VariantName = "[No Variations]"
Add component (AddParameter): Name = "RSER"; Value = ""; VariantName = "[No Variations]"
Add component (AddParameter): Name = "SimulationGenericComponent"; Value = "True"; VariantName = "[No Variations]"
Added Component: Designator=C1(CAPR5-4X5)
Add component (AddParameter): Name = "CPAR"; Value = ""; VariantName = "[No Variations]"
Add component (AddParameter): Name = "LSER"; Value = ""; VariantName = "[No Variations]"
Add component (AddParameter): Name = "RLSHUNT"; Value = ""; VariantName = "[No Variations]"
Add component (AddParameter): Name = "RPAR"; Value = ""; VariantName = "[No Variations]"
Add component (AddParameter): Name = "RSER"; Value = ""; VariantName = "[No Variations]"
Add component (AddParameter): Name = "SimulationGenericComponent"; Value = "True"; VariantName = "[No Variations]"
Add component (AddParameter): Name = "TEMP"; Value = ""; VariantName = "[No Variations]"
Add component (AddParameter): Name = "Value"; Value = "0.1u"; VariantName = "[No Variations]"
Added Component: Designator=D1(DIODE-0.4)
Add component (AddParameter): Name = "AF"; Value = "1"; VariantName = "[No Variations]"
Add component (AddParameter): Name = "Area Factor"; Value = ""; VariantName = "[No Variations]"
Add component (AddParameter): Name = "BV"; Value = "0"; VariantName = "[No Variations]"
Add component (AddParameter): Name = "BV_MAX"; Value = "1e99"; VariantName = "[No Variations]"
Add component (AddParameter): Name = "CJO"; Value = "0"; VariantName = "[No Variations]"
Add component (AddParameter): Name = "CJP"; Value = "0"; VariantName = "[No Variations]"
Add component (AddParameter): Name = "CTA"; Value = "0"; VariantName = "[No Variations]"
Add component (AddParameter): Name = "CTP"; Value = "0"; VariantName = "[No Variations]"
Add component (AddParameter): Name = "DTEMP"; Value = ""; VariantName = "[No Variations]"
Add component (AddParameter): Name = "EG"; Value = "1.11"; VariantName = "[No Variations]"
Add component (AddParameter): Name = "FC"; Value = "0.5"; VariantName = "[No Variations]"
Add component (AddParameter): Name = "FCS"; Value = "0.5"; VariantName = "[No Variations]"
Add component (AddParameter): Name = "FV_MAX"; Value = "1e99"; VariantName = "[No Variations]"
Add component (AddParameter): Name = "IBV"; Value = "0.001"; VariantName = "[No Variations]"
Add component (AddParameter): Name = "IKF"; Value = "0"; VariantName = "[No Variations]"
Add component (AddParameter): Name = "IKR"; Value = "0"; VariantName = "[No Variations]"
Add component (AddParameter): Name = "Initial Voltage"; Value = ""; VariantName = "[No Variations]"
Add component (AddParameter): Name = "IS"; Value = "1e-14"; VariantName = "[No Variations]"
Add component (AddParameter): Name = "ISR"; Value = "1e-14"; VariantName = "[No Variations]"
Add component (AddParameter): Name = "JSW"; Value = "0"; VariantName = "[No Variations]"
Add component (AddParameter): Name = "JTUN"; Value = "0"; VariantName = "[No Variations]"
Add component (AddParameter): Name = "JTUNSW"; Value = "0"; VariantName = "[No Variations]"
Add component (AddParameter): Name = "KEG"; Value = "1"; VariantName = "[No Variations]"
Add component (AddParameter): Name = "KF"; Value = "0"; VariantName = "[No Variations]"
Add component (AddParameter): Name = "L"; Value = ""; VariantName = "[No Variations]"
Add component (AddParameter): Name = "LEVEL"; Value = "1"; VariantName = "[No Variations]"
Add component (AddParameter): Name = "M"; Value = ""; VariantName = "[No Variations]"
Add component (AddParameter): Name = "MJSW"; Value = "0.33"; VariantName = "[No Variations]"
Add component (AddParameter): Name = "N"; Value = "1"; VariantName = "[No Variations]"
Add component (AddParameter): Name = "NBV"; Value = "1"; VariantName = "[No Variations]"
Add component (AddParameter): Name = "NR"; Value = "1"; VariantName = "[No Variations]"
Add component (AddParameter): Name = "NS"; Value = "1"; VariantName = "[No Variations]"
Add component (AddParameter): Name = "NTUN"; Value = "30"; VariantName = "[No Variations]"
Add component (AddParameter): Name = "PHP"; Value = "1"; VariantName = "[No Variations]"
Add component (AddParameter): Name = "PJ"; Value = ""; VariantName = "[No Variations]"
Add component (AddParameter): Name = "RS"; Value = "0"; VariantName = "[No Variations]"
Add component (AddParameter): Name = "SENS_AREA"; Value = ""; VariantName = "[No Variations]"
Add component (AddParameter): Name = "SimulationGenericComponent"; Value = "True"; VariantName = "[No Variations]"
Add component (AddParameter): Name = "Starting Condition"; Value = ""; VariantName = "[No Variations]"
Add component (AddParameter): Name = "T_REL_LOCAL"; Value = ""; VariantName = "[No Variations]"
Add component (AddParameter): Name = "TCV"; Value = "0"; VariantName = "[No Variations]"
Add component (AddParameter): Name = "Temperature"; Value = ""; VariantName = "[No Variations]"
Add component (AddParameter): Name = "TLEV"; Value = "0"; VariantName = "[No Variations]"
Add component (AddParameter): Name = "TLEVC"; Value = "0"; VariantName = "[No Variations]"
Add component (AddParameter): Name = "TM1"; Value = "0"; VariantName = "[No Variations]"
Add component (AddParameter): Name = "TM2"; Value = "0"; VariantName = "[No Variations]"
Add component (AddParameter): Name = "TNOM"; Value = "27"; VariantName = "[No Variations]"
Add component (AddParameter): Name = "TPB"; Value = "0"; VariantName = "[No Variations]"
Add component (AddParameter): Name = "TPHP"; Value = "0"; VariantName = "[No Variations]"
Add component (AddParameter): Name = "TRS"; Value = "0"; VariantName = "[No Variations]"
Add component (AddParameter): Name = "TRS2"; Value = "0"; VariantName = "[No Variations]"
Add component (AddParameter): Name = "TT"; Value = "0"; VariantName = "[No Variations]"
Add component (AddParameter): Name = "TTT1"; Value = "0"; VariantName = "[No Variations]"
Add component (AddParameter): Name = "TTT2"; Value = "0"; VariantName = "[No Variations]"
Add component (AddParameter): Name = "VJ"; Value = "1"; VariantName = "[No Variations]"
Add component (AddParameter): Name = "W"; Value = ""; VariantName = "[No Variations]"
Add component (AddParameter): Name = "XTI"; Value = "3"; VariantName = "[No Variations]"
Add component (AddParameter): Name = "XTITUN"; Value = "3"; VariantName = "[No Variations]"
Added Component: Designator=L1(PIN-W2/E2.8)
Add component (AddParameter): Name = "CPAR"; Value = ""; VariantName = "[No Variations]"
Add component (AddParameter): Name = "DTEMP"; Value = ""; VariantName = "[No Variations]"
Add component (AddParameter): Name = "Initial Current"; Value = ""; VariantName = "[No Variations]"
Add component (AddParameter): Name = "L1"; Value = "100nH"; VariantName = "[No Variations]"
Add component (AddParameter): Name = "M"; Value = ""; VariantName = "[No Variations]"
Add component (AddParameter): Name = "RPAR"; Value = ""; VariantName = "[No Variations]"
Add component (AddParameter): Name = "RSER"; Value = ""; VariantName = "[No Variations]"
Add component (AddParameter): Name = "SimulationGenericComponent"; Value = "True"; VariantName = "[No Variations]"
Add component (AddParameter): Name = "T_REL_LOCAL"; Value = ""; VariantName = "[No Variations]"
Add component (AddParameter): Name = "TC1"; Value = ""; VariantName = "[No Variations]"
Add component (AddParameter): Name = "TC2"; Value = ""; VariantName = "[No Variations]"
Add component (AddParameter): Name = "TEMP"; Value = ""; VariantName = "[No Variations]"
Added Component: Designator=LED(LED-0)
Add component (AddParameter): Name = "AF"; Value = "1"; VariantName = "[No Variations]"
Add component (AddParameter): Name = "Area Factor"; Value = ""; VariantName = "[No Variations]"
Add component (AddParameter): Name = "BV"; Value = "0"; VariantName = "[No Variations]"
Add component (AddParameter): Name = "BV_MAX"; Value = "1e99"; VariantName = "[No Variations]"
Add component (AddParameter): Name = "CJO"; Value = "0"; VariantName = "[No Variations]"
Add component (AddParameter): Name = "CJP"; Value = "0"; VariantName = "[No Variations]"
Add component (AddParameter): Name = "CTA"; Value = "0"; VariantName = "[No Variations]"
Add component (AddParameter): Name = "CTP"; Value = "0"; VariantName = "[No Variations]"
Add component (AddParameter): Name = "DTEMP"; Value = ""; VariantName = "[No Variations]"
Add component (AddParameter): Name = "EG"; Value = "1.11"; VariantName = "[No Variations]"
Add component (AddParameter): Name = "FC"; Value = "0.5"; VariantName = "[No Variations]"
Add component (AddParameter): Name = "FCS"; Value = "0.5"; VariantName = "[No Variations]"
Add component (AddParameter): Name = "FV_MAX"; Value = "1e99"; VariantName = "[No Variations]"
Add component (AddParameter): Name = "IBV"; Value = "0.001"; VariantName = "[No Variations]"
Add component (AddParameter): Name = "IKF"; Value = "0"; VariantName = "[No Variations]"
Add component (AddParameter): Name = "IKR"; Value = "0"; VariantName = "[No Variations]"
Add component (AddParameter): Name = "Initial Voltage"; Value = ""; VariantName = "[No Variations]"
Add component (AddParameter): Name = "IS"; Value = "1e-14"; VariantName = "[No Variations]"
Add component (AddParameter): Name = "ISR"; Value = "1e-14"; VariantName = "[No Variations]"
Add component (AddParameter): Name = "JSW"; Value = "0"; VariantName = "[No Variations]"
Add component (AddParameter): Name = "JTUN"; Value = "0"; VariantName = "[No Variations]"
Add component (AddParameter): Name = "JTUNSW"; Value = "0"; VariantName = "[No Variations]"
Add component (AddParameter): Name = "KEG"; Value = "1"; VariantName = "[No Variations]"
Add component (AddParameter): Name = "KF"; Value = "0"; VariantName = "[No Variations]"
Add component (AddParameter): Name = "L"; Value = ""; VariantName = "[No Variations]"
Add component (AddParameter): Name = "LEVEL"; Value = "1"; VariantName = "[No Variations]"
Add component (AddParameter): Name = "M"; Value = ""; VariantName = "[No Variations]"
Add component (AddParameter): Name = "MJSW"; Value = "0.33"; VariantName = "[No Variations]"
Add component (AddParameter): Name = "N"; Value = "1"; VariantName = "[No Variations]"
Add component (AddParameter): Name = "NBV"; Value = "1"; VariantName = "[No Variations]"
Add component (AddParameter): Name = "NR"; Value = "1"; VariantName = "[No Variations]"
Add component (AddParameter): Name = "NS"; Value = "1"; VariantName = "[No Variations]"
Add component (AddParameter): Name = "NTUN"; Value = "30"; VariantName = "[No Variations]"
Add component (AddParameter): Name = "PHP"; Value = "1"; VariantName = "[No Variations]"
Add component (AddParameter): Name = "PJ"; Value = ""; VariantName = "[No Variations]"
Add component (AddParameter): Name = "RS"; Value = "0"; VariantName = "[No Variations]"
Add component (AddParameter): Name = "SENS_AREA"; Value = ""; VariantName = "[No Variations]"
Add component (AddParameter): Name = "SimulationGenericComponent"; Value = "True"; VariantName = "[No Variations]"
Add component (AddParameter): Name = "Starting Condition"; Value = ""; VariantName = "[No Variations]"
Add component (AddParameter): Name = "T_REL_LOCAL"; Value = ""; VariantName = "[No Variations]"
Add component (AddParameter): Name = "TCV"; Value = "0"; VariantName = "[No Variations]"
Add component (AddParameter): Name = "Temperature"; Value = ""; VariantName = "[No Variations]"
Add component (AddParameter): Name = "TLEV"; Value = "0"; VariantName = "[No Variations]"
Add component (AddParameter): Name = "TLEVC"; Value = "0"; VariantName = "[No Variations]"
Add component (AddParameter): Name = "TM1"; Value = "0"; VariantName = "[No Variations]"
Add component (AddParameter): Name = "TM2"; Value = "0"; VariantName = "[No Variations]"
Add component (AddParameter): Name = "TNOM"; Value = "27"; VariantName = "[No Variations]"
Add component (AddParameter): Name = "TPB"; Value = "0"; VariantName = "[No Variations]"
Add component (AddParameter): Name = "TPHP"; Value = "0"; VariantName = "[No Variations]"
Add component (AddParameter): Name = "TRS"; Value = "0"; VariantName = "[No Variations]"
Add component (AddParameter): Name = "TRS2"; Value = "0"; VariantName = "[No Variations]"
Add component (AddParameter): Name = "TT"; Value = "0"; VariantName = "[No Variations]"
Add component (AddParameter): Name = "TTT1"; Value = "0"; VariantName = "[No Variations]"
Add component (AddParameter): Name = "TTT2"; Value = "0"; VariantName = "[No Variations]"
Add component (AddParameter): Name = "VJ"; Value = "1"; VariantName = "[No Variations]"
Add component (AddParameter): Name = "W"; Value = ""; VariantName = "[No Variations]"
Add component (AddParameter): Name = "XTI"; Value = "3"; VariantName = "[No Variations]"
Add component (AddParameter): Name = "XTITUN"; Value = "3"; VariantName = "[No Variations]"
Added Component: Designator=lm339(DIP794W45P254L1969H508Q14)
Add component (AddParameter): Name = "Availability"; Value = "Unavailable"; VariantName = "[No Variations]"
Add component (AddParameter): Name = "MF"; Value = ""; VariantName = "[No Variations]"
Add component (AddParameter): Name = "MP"; Value = "LM339N"; VariantName = "[No Variations]"
Add component (AddParameter): Name = "Package"; Value = "None"; VariantName = "[No Variations]"
Add component (AddParameter): Name = "Price"; Value = "None"; VariantName = "[No Variations]"
Add component (AddParameter): Name = "Value"; Value = ""; VariantName = "[No Variations]"
Added Component: Designator=LS(PIN2)
Add component (AddParameter): Name = "LatestRevisionDate"; Value = "17-Jul-2002"; VariantName = "[No Variations]"
Add component (AddParameter): Name = "LatestRevisionNote"; Value = "Re-released for DXP Platform."; VariantName = "[No Variations]"
Add component (AddParameter): Name = "PackageReference"; Value = "PIN2"; VariantName = "[No Variations]"
Add component (AddParameter): Name = "Published"; Value = "24-Mar-1999"; VariantName = "[No Variations]"
Add component (AddParameter): Name = "Publisher"; Value = "Altium Limited"; VariantName = "[No Variations]"
Added Component: Designator=Q1(TO92)
Add component (AddParameter): Name = "AF"; Value = "0"; VariantName = "[No Variations]"
Add component (AddParameter): Name = "Area Factor"; Value = ""; VariantName = "[No Variations]"
Add component (AddParameter): Name = "AREAB"; Value = ""; VariantName = "[No Variations]"
Add component (AddParameter): Name = "AREAC"; Value = ""; VariantName = "[No Variations]"
Add component (AddParameter): Name = "BF"; Value = "100"; VariantName = "[No Variations]"
Add component (AddParameter): Name = "BR"; Value = "1"; VariantName = "[No Variations]"
Add component (AddParameter): Name = "CJC"; Value = "0"; VariantName = "[No Variations]"
Add component (AddParameter): Name = "CJE"; Value = "0"; VariantName = "[No Variations]"
Add component (AddParameter): Name = "CJS"; Value = "0"; VariantName = "[No Variations]"
Add component (AddParameter): Name = "CN"; Value = ""; VariantName = "[No Variations]"
Add component (AddParameter): Name = "CTC"; Value = "0"; VariantName = "[No Variations]"
Add component (AddParameter): Name = "CTE"; Value = "0"; VariantName = "[No Variations]"
Add component (AddParameter): Name = "CTS"; Value = "0"; VariantName = "[No Variations]"
Add component (AddParameter): Name = "D"; Value = ""; VariantName = "[No Variations]"
Add component (AddParameter): Name = "DTEMP"; Value = ""; VariantName = "[No Variations]"
Add component (AddParameter): Name = "EG"; Value = "1.11"; VariantName = "[No Variations]"
Add component (AddParameter): Name = "FC"; Value = "0.5"; VariantName = "[No Variations]"
Add component (AddParameter): Name = "GAMMA"; Value = ""; VariantName = "[No Variations]"
Add component (AddParameter): Name = "IKF"; Value = "0"; VariantName = "[No Variations]"
Add component (AddParameter): Name = "IKR"; Value = "0"; VariantName = "[No Variations]"
Add component (AddParameter): Name = "Initial B-E Voltage"; Value = ""; VariantName = "[No Variations]"
Add component (AddParameter): Name = "Initial C-E Voltage"; Value = ""; VariantName = "[No Variations]"
Add component (AddParameter): Name = "IRB"; Value = "0"; VariantName = "[No Variations]"
Add component (AddParameter): Name = "IS"; Value = "1e-16"; VariantName = "[No Variations]"
Add component (AddParameter): Name = "ISC"; Value = "0"; VariantName = "[No Variations]"
Add component (AddParameter): Name = "ISE"; Value = "0"; VariantName = "[No Variations]"
Add component (AddParameter): Name = "ISS"; Value = "0"; VariantName = "[No Variations]"
Add component (AddParameter): Name = "ITF"; Value = "0"; VariantName = "[No Variations]"
Add component (AddParameter): Name = "KF"; Value = "0"; VariantName = "[No Variations]"
Add component (AddParameter): Name = "M"; Value = ""; VariantName = "[No Variations]"
Add component (AddParameter): Name = "MJC"; Value = "0.33"; VariantName = "[No Variations]"
Add component (AddParameter): Name = "MJE"; Value = "0.33"; VariantName = "[No Variations]"
Add component (AddParameter): Name = "MJS"; Value = "0"; VariantName = "[No Variations]"
Add component (AddParameter): Name = "NC"; Value = "2"; VariantName = "[No Variations]"
Add component (AddParameter): Name = "NE"; Value = "1.5"; VariantName = "[No Variations]"
Add component (AddParameter): Name = "NF"; Value = "1"; VariantName = "[No Variations]"
Add component (AddParameter): Name = "NKF"; Value = "0.5"; VariantName = "[No Variations]"
Add component (AddParameter): Name = "NR"; Value = "1"; VariantName = "[No Variations]"
Add component (AddParameter): Name = "NS"; Value = "1"; VariantName = "[No Variations]"
Add component (AddParameter): Name = "PTF"; Value = "0"; VariantName = "[No Variations]"
Add component (AddParameter): Name = "QCO"; Value = ""; VariantName = "[No Variations]"
Add component (AddParameter): Name = "QUASIMOD"; Value = ""; VariantName = "[No Variations]"
Add component (AddParameter): Name = "RB"; Value = "0"; VariantName = "[No Variations]"
Add component (AddParameter): Name = "RBM"; Value = "0"; VariantName = "[No Variations]"
Add component (AddParameter): Name = "RC"; Value = "0"; VariantName = "[No Variations]"
Add component (AddParameter): Name = "RCO"; Value = ""; VariantName = "[No Variations]"
Add component (AddParameter): Name = "RE"; Value = "0"; VariantName = "[No Variations]"
Add component (AddParameter): Name = "SENS_AREA"; Value = ""; VariantName = "[No Variations]"
Add component (AddParameter): Name = "SimulationGenericComponent"; Value = "True"; VariantName = "[No Variations]"
Add component (AddParameter): Name = "Starting Condition"; Value = ""; VariantName = "[No Variations]"
Add component (AddParameter): Name = "SUBS"; Value = "1"; VariantName = "[No Variations]"
Add component (AddParameter): Name = "T_REL_LOCAL"; Value = ""; VariantName = "[No Variations]"
Add component (AddParameter): Name = "TBF1"; Value = "0"; VariantName = "[No Variations]"
Add component (AddParameter): Name = "TBF2"; Value = "0"; VariantName = "[No Variations]"
Add component (AddParameter): Name = "TBR1"; Value = "0"; VariantName = "[No Variations]"
Add component (AddParameter): Name = "TBR2"; Value = "0"; VariantName = "[No Variations]"
Add component (AddParameter): Name = "Temperature"; Value = ""; VariantName = "[No Variations]"
Add component (AddParameter): Name = "TF"; Value = "0"; VariantName = "[No Variations]"
Add component (AddParameter): Name = "TIKF1"; Value = "0"; VariantName = "[No Variations]"
Add component (AddParameter): Name = "TIKF2"; Value = "0"; VariantName = "[No Variations]"
Add component (AddParameter): Name = "TIKR1"; Value = "0"; VariantName = "[No Variations]"
Add component (AddParameter): Name = "TIKR2"; Value = "0"; VariantName = "[No Variations]"
Add component (AddParameter): Name = "TIRB1"; Value = "0"; VariantName = "[No Variations]"
Add component (AddParameter): Name = "TIRB2"; Value = "0"; VariantName = "[No Variations]"
Add component (AddParameter): Name = "TIS1"; Value = "0"; VariantName = "[No Variations]"
Add component (AddParameter): Name = "TIS2"; Value = "0"; VariantName = "[No Variations]"
Add component (AddParameter): Name = "TISC1"; Value = "0"; VariantName = "[No Variations]"
Add component (AddParameter): Name = "TISC2"; Value = "0"; VariantName = "[No Variations]"
Add component (AddParameter): Name = "TISE1"; Value = "0"; VariantName = "[No Variations]"
Add component (AddParameter): Name = "TISE2"; Value = "0"; VariantName = "[No Variations]"
Add component (AddParameter): Name = "TITF1"; Value = "0"; VariantName = "[No Variations]"
Add component (AddParameter): Name = "TITF2"; Value = "0"; VariantName = "[No Variations]"
Add component (AddParameter): Name = "TLEV"; Value = "0"; VariantName = "[No Variations]"
Add component (AddParameter): Name = "TLEVC"; Value = "0"; VariantName = "[No Variations]"
Add component (AddParameter): Name = "TMJC1"; Value = "0"; VariantName = "[No Variations]"
Add component (AddParameter): Name = "TMJC2"; Value = "0"; VariantName = "[No Variations]"
Add component (AddParameter): Name = "TMJE1"; Value = "0"; VariantName = "[No Variations]"
Add component (AddParameter): Name = "TMJE2"; Value = "0"; VariantName = "[No Variations]"
Add component (AddParameter): Name = "TMJS1"; Value = "0"; VariantName = "[No Variations]"
Add component (AddParameter): Name = "TMJS2"; Value = "0"; VariantName = "[No Variations]"
Add component (AddParameter): Name = "TNC1"; Value = "0"; VariantName = "[No Variations]"
Add component (AddParameter): Name = "TNC2"; Value = "0"; VariantName = "[No Variations]"
Add component (AddParameter): Name = "TNE1"; Value = "0"; VariantName = "[No Variations]"
Add component (AddParameter): Name = "TNE2"; Value = "0"; VariantName = "[No Variations]"
Add component (AddParameter): Name = "TNF1"; Value = "0"; VariantName = "[No Variations]"
Add component (AddParameter): Name = "TNF2"; Value = "0"; VariantName = "[No Variations]"
Add component (AddParameter): Name = "TNOM"; Value = "27"; VariantName = "[No Variations]"
Add component (AddParameter): Name = "TNR1"; Value = "0"; VariantName = "[No Variations]"
Add component (AddParameter): Name = "TNR2"; Value = "0"; VariantName = "[No Variations]"
Add component (AddParameter): Name = "TNS1"; Value = "0"; VariantName = "[No Variations]"
Add component (AddParameter): Name = "TNS2"; Value = "0"; VariantName = "[No Variations]"
Add component (AddParameter): Name = "TR"; Value = "0"; VariantName = "[No Variations]"
Add component (AddParameter): Name = "TRB1"; Value = "0"; VariantName = "[No Variations]"
Add component (AddParameter): Name = "TRB2"; Value = "0"; VariantName = "[No Variations]"
Add component (AddParameter): Name = "TRC1"; Value = "0"; VariantName = "[No Variations]"
Add component (AddParameter): Name = "TRC2"; Value = "0"; VariantName = "[No Variations]"
Add component (AddParameter): Name = "TRE1"; Value = "0"; VariantName = "[No Variations]"
Add component (AddParameter): Name = "TRE2"; Value = "0"; VariantName = "[No Variations]"
Add component (AddParameter): Name = "TRM1"; Value = "0"; VariantName = "[No Variations]"
Add component (AddParameter): Name = "TRM2"; Value = "0"; VariantName = "[No Variations]"
Add component (AddParameter): Name = "TTF1"; Value = "0"; VariantName = "[No Variations]"
Add component (AddParameter): Name = "TTF2"; Value = "0"; VariantName = "[No Variations]"
Add component (AddParameter): Name = "TTR1"; Value = "0"; VariantName = "[No Variations]"
Add component (AddParameter): Name = "TTR2"; Value = "0"; VariantName = "[No Variations]"
Add component (AddParameter): Name = "TVAF1"; Value = "0"; VariantName = "[No Variations]"
Add component (AddParameter): Name = "TVAF2"; Value = "0"; VariantName = "[No Variations]"
Add component (AddParameter): Name = "TVAR1"; Value = "0"; VariantName = "[No Variations]"
Add component (AddParameter): Name = "TVAR2"; Value = "0"; VariantName = "[No Variations]"
Add component (AddParameter): Name = "TVJC"; Value = "0"; VariantName = "[No Variations]"
Add component (AddParameter): Name = "TVJE"; Value = "0"; VariantName = "[No Variations]"
Add component (AddParameter): Name = "TVJS"; Value = "0"; VariantName = "[No Variations]"
Add component (AddParameter): Name = "VAF"; Value = "0"; VariantName = "[No Variations]"
Add component (AddParameter): Name = "VAR"; Value = "0"; VariantName = "[No Variations]"
Add component (AddParameter): Name = "VBC_MAX"; Value = "1e99"; VariantName = "[No Variations]"
Add component (AddParameter): Name = "VBE_MAX"; Value = "1e99"; VariantName = "[No Variations]"
Add component (AddParameter): Name = "VCE_MAX"; Value = "1e99"; VariantName = "[No Variations]"
Add component (AddParameter): Name = "VG"; Value = ""; VariantName = "[No Variations]"
Add component (AddParameter): Name = "VJC"; Value = "0.75"; VariantName = "[No Variations]"
Add component (AddParameter): Name = "VJE"; Value = "0.75"; VariantName = "[No Variations]"
Add component (AddParameter): Name = "VJS"; Value = "0.75"; VariantName = "[No Variations]"
Add component (AddParameter): Name = "VO"; Value = ""; VariantName = "[No Variations]"
Add component (AddParameter): Name = "VTF"; Value = "0"; VariantName = "[No Variations]"
Add component (AddParameter): Name = "XCJC"; Value = "1"; VariantName = "[No Variations]"
Add component (AddParameter): Name = "XTB"; Value = "0"; VariantName = "[No Variations]"
Add component (AddParameter): Name = "XTF"; Value = "0"; VariantName = "[No Variations]"
Add component (AddParameter): Name = "XTI"; Value = "3"; VariantName = "[No Variations]"
Added Component: Designator=R1(AXIAL-0.4)
Add component (AddParameter): Name = "DTEMP"; Value = ""; VariantName = "[No Variations]"
Add component (AddParameter): Name = "SimulationGenericComponent"; Value = "True"; VariantName = "[No Variations]"
Add component (AddParameter): Name = "T_REL_LOCAL"; Value = ""; VariantName = "[No Variations]"
Add component (AddParameter): Name = "TC"; Value = ""; VariantName = "[No Variations]"
Add component (AddParameter): Name = "TC1"; Value = "0"; VariantName = "[No Variations]"
Add component (AddParameter): Name = "TC2"; Value = "0"; VariantName = "[No Variations]"
Add component (AddParameter): Name = "TEMP"; Value = ""; VariantName = "[No Variations]"
Add component (AddParameter): Name = "Value"; Value = "10K"; VariantName = "[No Variations]"
Added Component: Designator=R2(AXIAL-0.4)
Add component (AddParameter): Name = "DTEMP"; Value = ""; VariantName = "[No Variations]"
Add component (AddParameter): Name = "SimulationGenericComponent"; Value = "True"; VariantName = "[No Variations]"
Add component (AddParameter): Name = "T_REL_LOCAL"; Value = ""; VariantName = "[No Variations]"
Add component (AddParameter): Name = "TC"; Value = ""; VariantName = "[No Variations]"
Add component (AddParameter): Name = "TC1"; Value = "0"; VariantName = "[No Variations]"
Add component (AddParameter): Name = "TC2"; Value = "0"; VariantName = "[No Variations]"
Add component (AddParameter): Name = "TEMP"; Value = ""; VariantName = "[No Variations]"
Add component (AddParameter): Name = "Value"; Value = "100"; VariantName = "[No Variations]"
Added Component: Designator=R3(AXIAL-0.4)
Add component (AddParameter): Name = "DTEMP"; Value = ""; VariantName = "[No Variations]"
Add component (AddParameter): Name = "SimulationGenericComponent"; Value = "True"; VariantName = "[No Variations]"
Add component (AddParameter): Name = "T_REL_LOCAL"; Value = ""; VariantName = "[No Variations]"
Add component (AddParameter): Name = "TC"; Value = ""; VariantName = "[No Variations]"
Add component (AddParameter): Name = "TC1"; Value = "0"; VariantName = "[No Variations]"
Add component (AddParameter): Name = "TC2"; Value = "0"; VariantName = "[No Variations]"
Add component (AddParameter): Name = "TEMP"; Value = ""; VariantName = "[No Variations]"
Add component (AddParameter): Name = "Value"; Value = "3k"; VariantName = "[No Variations]"
Added Component: Designator=R4(AXIAL-0.4)
Add component (AddParameter): Name = "DTEMP"; Value = ""; VariantName = "[No Variations]"
Add component (AddParameter): Name = "SimulationGenericComponent"; Value = "True"; VariantName = "[No Variations]"
Add component (AddParameter): Name = "T_REL_LOCAL"; Value = ""; VariantName = "[No Variations]"
Add component (AddParameter): Name = "TC"; Value = ""; VariantName = "[No Variations]"
Add component (AddParameter): Name = "TC1"; Value = "0"; VariantName = "[No Variations]"
Add component (AddParameter): Name = "TC2"; Value = "0"; VariantName = "[No Variations]"
Add component (AddParameter): Name = "TEMP"; Value = ""; VariantName = "[No Variations]"
Add component (AddParameter): Name = "Value"; Value = "200"; VariantName = "[No Variations]"
Added Component: Designator=R5(AXIAL-0.4)
Add component (AddParameter): Name = "DTEMP"; Value = ""; VariantName = "[No Variations]"
Add component (AddParameter): Name = "SimulationGenericComponent"; Value = "True"; VariantName = "[No Variations]"
Add component (AddParameter): Name = "T_REL_LOCAL"; Value = ""; VariantName = "[No Variations]"
Add component (AddParameter): Name = "TC"; Value = ""; VariantName = "[No Variations]"
Add component (AddParameter): Name = "TC1"; Value = "0"; VariantName = "[No Variations]"
Add component (AddParameter): Name = "TC2"; Value = "0"; VariantName = "[No Variations]"
Add component (AddParameter): Name = "TEMP"; Value = ""; VariantName = "[No Variations]"
Add component (AddParameter): Name = "Value"; Value = "10"; VariantName = "[No Variations]"
Added Component: Designator=VR(VR4)
Add component (AddParameter): Name = "LatestRevisionDate"; Value = "17-Jul-2002"; VariantName = "[No Variations]"
Add component (AddParameter): Name = "LatestRevisionNote"; Value = "Re-released for DXP Platform."; VariantName = "[No Variations]"
Add component (AddParameter): Name = "PackageDescription"; Value = "Variable Resistor, Thru-Hole; 3 Leads"; VariantName = "[No Variations]"
Add component (AddParameter): Name = "PackageReference"; Value = "VR5"; VariantName = "[No Variations]"
Add component (AddParameter): Name = "Published"; Value = "8-Jun-2000"; VariantName = "[No Variations]"
Add component (AddParameter): Name = "Publisher"; Value = "Altium Limited"; VariantName = "[No Variations]"
Add component (AddParameter): Name = "Set Position"; Value = "0.5"; VariantName = "[No Variations]"
Add component (AddParameter): Name = "Sim Note"; Value = "Enter the Resistance value and the set point into parameter fields."; VariantName = "[No Variations]"
Add component (AddParameter): Name = "Value"; Value = "100"; VariantName = "[No Variations]"
Added Pin To Net: NetName=+vcc Pin=9v-1
Added Pin To Net: NetName=GND Pin=9v-2
Added Pin To Net: NetName=GND Pin=C1-1
Added Pin To Net: NetName=NetC1_2 Pin=C1-2
Added Pin To Net: NetName=NetD1_1 Pin=D1-1
Added Pin To Net: NetName=NetC1_2 Pin=D1-2
Added Pin To Net: NetName=NetD1_1 Pin=L1-1
Added Pin To Net: NetName=GND Pin=L1-2
Added Pin To Net: NetName=NetLED_1 Pin=LED-1
Added Pin To Net: NetName=GND Pin=LED-2
Added Pin To Net: NetName=GND Pin=lm339-1
Added Pin To Net: NetName=+vcc Pin=lm339-3
Added Pin To Net: NetName=GND Pin=lm339-6
Added Pin To Net: NetName=GND Pin=lm339-7
Added Pin To Net: NetName=GND Pin=lm339-8
Added Pin To Net: NetName=GND Pin=lm339-9
Added Pin To Net: NetName=GND Pin=lm339-10
Added Pin To Net: NetName=GND Pin=lm339-11
Added Pin To Net: NetName=GND Pin=lm339-12
Added Pin To Net: NetName=GND Pin=lm339-13
Added Pin To Net: NetName=GND Pin=lm339-14
Added Pin To Net: NetName=NetLS_1 Pin=LS-1
Added Pin To Net: NetName=NetLED_1 Pin=LS-2
Added Pin To Net: NetName=NetC1_2 Pin=Q1-2
Added Pin To Net: NetName=GND Pin=Q1-3
Added Pin To Net: NetName=NetC1_2 Pin=R1-1
Added Pin To Net: NetName=NetC1_2 Pin=R2-1
Added Pin To Net: NetName=GND Pin=R2-2
Added Pin To Net: NetName=+vcc Pin=R3-1
Added Pin To Net: NetName=+vcc Pin=R4-1
Added Pin To Net: NetName=NetLS_1 Pin=R5-2
Added Pin To Net: NetName=GND Pin=VR-1
Added Pin To Net: NetName=Netlm339_2 Pin=lm339-2
Added Pin To Net: NetName=Netlm339_2 Pin=R5-1
Added Net: Name=Netlm339_2
Added Pin To Net: NetName=Netlm339_4 Pin=lm339-4
Added Pin To Net: NetName=Netlm339_4 Pin=VR-3
Added Net: Name=Netlm339_4
Added Pin To Net: NetName=Netlm339_5 Pin=lm339-5
Added Pin To Net: NetName=Netlm339_5 Pin=Q1-1
Added Pin To Net: NetName=Netlm339_5 Pin=R1-2
Added Pin To Net: NetName=Netlm339_5 Pin=R3-2
Added Pin To Net: NetName=Netlm339_5 Pin=R4-2
Added Pin To Net: NetName=Netlm339_5 Pin=VR-2
Added Net: Name=Netlm339_5
Added Member To Class: ClassName=Sheet-new Member=Component 9v Constant Voltage Source
Added Member To Class: ClassName=Sheet-new Member=Component C1 Capacitor
Added Member To Class: ClassName=Sheet-new Member=Component D1 Diode
Added Member To Class: ClassName=Sheet-new Member=Component L1 Inductor
Added Member To Class: ClassName=Sheet-new Member=Component LED
Added Member To Class: ClassName=Sheet-new Member=Component lm339 LM339N
Added Member To Class: ClassName=Sheet-new Member=Component LS Speaker
Added Member To Class: ClassName=Sheet-new Member=Component Q1 BC547
Added Member To Class: ClassName=Sheet-new Member=Component R1 Resistor
Added Member To Class: ClassName=Sheet-new Member=Component R2 Resistor
Added Member To Class: ClassName=Sheet-new Member=Component R3 Resistor
Added Member To Class: ClassName=Sheet-new Member=Component R4 Resistor
Added Member To Class: ClassName=Sheet-new Member=Component R5 Resistor
Added Member To Class: ClassName=Sheet-new Member=Component VR RPot
Added Room: Name=Sheet-new
